2017-09-26 - Tuesday - 11:00:58am - test
2017-10-02 - Monday - 06:50:26pm - received request
2017-10-02 - Monday - 06:50:26pm - tried to register
2017-10-02 - Monday - 06:50:26pm - Registration Failed
2017-10-02 - Monday - 06:50:26pm - client received response: 0
2017-10-03 - Tuesday - 08:57:44am - received request
2017-10-03 - Tuesday - 08:57:44am - tried to register
2017-10-03 - Tuesday - 08:57:44am - Registration Failed
2017-10-03 - Tuesday - 08:57:44am - client received response: 0
2017-10-03 - Tuesday - 09:25:44am - received request
2017-10-03 - Tuesday - 09:25:44am - tried to login
2017-10-03 - Tuesday - 09:25:44am - Login Failed
2017-10-03 - Tuesday - 09:42:56am - received request
2017-10-03 - Tuesday - 09:42:56am - tried to login
2017-10-03 - Tuesday - 09:42:56am - Login Failed
2017-10-03 - Tuesday - 09:43:39am - received request
2017-10-03 - Tuesday - 09:43:39am - tried to login
2017-10-03 - Tuesday - 09:43:39am - Login Failed
2017-10-03 - Tuesday - 09:49:09am - received request
2017-10-03 - Tuesday - 09:49:09am - tried to login
2017-10-03 - Tuesday - 09:49:09am - Login Failed
2017-10-03 - Tuesday - 09:49:52am - received request
2017-10-03 - Tuesday - 09:49:52am - tried to login
2017-10-03 - Tuesday - 09:49:52am - Login Failed
2017-10-03 - Tuesday - 09:50:10am - received request
2017-10-03 - Tuesday - 09:50:10am - tried to login
2017-10-03 - Tuesday - 09:50:10am - Login Failed
2017-10-03 - Tuesday - 10:03:56am - received request
2017-10-03 - Tuesday - 10:44:45am - client received response: Array
2017-10-03 - Tuesday - 10:45:44am - client received response: Array
2017-10-03 - Tuesday - 10:47:15am - client received response: Array
2017-10-03 - Tuesday - 10:51:25am - client received response: Array
2017-10-03 - Tuesday - 10:52:48am - received request
2017-10-03 - Tuesday - 10:52:48am - tried to login
2017-10-03 - Tuesday - 10:52:48am - Login Failed
2017-10-03 - Tuesday - 10:52:48am - client received response: 0
2017-10-03 - Tuesday - 10:53:29am - client received response: Array
