2017-12-07 - Thursday - 10:43:58am - amuthiyan - DevDMZ - Trying to start primary server test - IT490
2017-12-07 - Thursday - 10:45:10am - amuthiyan - DevDMZ - Trying to start primary server test - IT490
2017-12-07 - Thursday - 10:45:40am - amuthiyan - DevDMZ - Trying to start primary server test - IT490
2017-12-07 - Thursday - 10:46:17am - amuthiyan - DevDMZ - Trying to start primary server test - IT490
2017-12-07 - Thursday - 10:46:47am - amuthiyan - DevDMZ - Trying to start primary server test - IT490
2017-12-07 - Thursday - 10:47:18am - amuthiyan - DevDMZ - Trying to start primary server test - IT490
2017-12-07 - Thursday - 10:47:48am - amuthiyan - DevDMZ - Trying to start primary server test - IT490
2017-12-07 - Thursday - 10:48:18am - amuthiyan - DevDMZ - Trying to start primary server test - IT490
2017-12-07 - Thursday - 10:48:48am - amuthiyan - DevDMZ - Trying to start primary server test - IT490
2017-12-07 - Thursday - 10:49:18am - amuthiyan - DevDMZ - Trying to start primary server test - IT490
2017-12-07 - Thursday - 10:49:49am - amuthiyan - DevDMZ - Trying to start primary server test - IT490
2017-12-07 - Thursday - 10:50:19am - amuthiyan - DevDMZ - Trying to start primary server test - IT490
2017-12-07 - Thursday - 10:50:49am - amuthiyan - DevDMZ - Trying to start primary server test - IT490
2017-12-07 - Thursday - 11:01:04am - DevDMZ -  - Trying to start standby server - IT490
2017-12-07 - Thursday - 11:01:04am - DevDMZ -  - Standby Server started - IT490
2017-12-07 - Thursday - 11:01:37am - DevDMZ -  - Trying to start standby server - IT490
2017-12-07 - Thursday - 11:01:37am - DevDMZ -  - Standby Server started - IT490
2017-12-07 - Thursday - 11:02:07am - DevDMZ -  - Trying to start standby server - IT490
2017-12-07 - Thursday - 11:02:07am - DevDMZ -  - Standby Server started - IT490
2017-12-07 - Thursday - 11:02:37am - DevDMZ -  - Trying to start standby server - IT490
2017-12-07 - Thursday - 11:02:37am - DevDMZ -  - Standby Server started - IT490
2017-12-07 - Thursday - 11:03:07am - DevDMZ -  - Trying to start standby server - IT490
2017-12-07 - Thursday - 11:03:07am - DevDMZ -  - Standby Server started - IT490
2017-12-07 - Thursday - 11:03:38am - DevDMZ -  - Trying to start standby server - IT490
2017-12-07 - Thursday - 11:03:38am - DevDMZ -  - Standby Server started - IT490
2017-12-07 - Thursday - 11:04:08am - DevDMZ -  - Trying to start standby server - IT490
2017-12-07 - Thursday - 11:04:08am - DevDMZ -  - Standby Server started - IT490
2017-12-07 - Thursday - 11:04:37am - amuthiyan - DevDMZ - Trying to start primary server test - IT490
2017-12-07 - Thursday - 11:04:38am - DevDMZ -  - Trying to start standby server - IT490
2017-12-07 - Thursday - 11:04:38am - DevDMZ -  - Standby Server started - IT490
2017-12-07 - Thursday - 11:05:06am - amuthiyan - DevDMZ - Trying to start primary server test - IT490
2017-12-07 - Thursday - 11:05:08am - DevDMZ -  - Trying to start standby server - IT490
2017-12-07 - Thursday - 11:05:08am - DevDMZ -  - Standby Server started - IT490
2017-12-07 - Thursday - 11:05:39am - DevDMZ -  - Trying to start standby server - IT490
2017-12-07 - Thursday - 11:05:39am - DevDMZ -  - Standby Server started - IT490
2017-12-07 - Thursday - 11:09:06am - amuthiyan - DevDMZ - Trying to start primary server test - IT490
2017-12-07 - Thursday - 11:09:36am - amuthiyan - DevDMZ - Trying to start primary server test - IT490
2017-12-07 - Thursday - 11:10:06am - amuthiyan - DevDMZ - Trying to start primary server test - IT490
2017-12-07 - Thursday - 11:10:36am - amuthiyan - DevDMZ - Trying to start primary server test - IT490
2017-12-07 - Thursday - 11:11:07am - amuthiyan - DevDMZ - Trying to start primary server test - IT490
2017-12-07 - Thursday - 11:11:37am - amuthiyan - DevDMZ - Trying to start primary server test - IT490
2017-12-07 - Thursday - 11:12:07am - amuthiyan - DevDMZ - Trying to start primary server test - IT490
2017-12-07 - Thursday - 11:12:37am - amuthiyan - DevDMZ - Trying to start primary server test - IT490
2017-12-07 - Thursday - 11:13:02am - amuthiyan - DevDMZ - Trying to start primary server test - IT490
2017-12-07 - Thursday - 11:19:01am - amuthiyan - DevDMZ - Trying to start primary server test - IT490
2017-12-07 - Thursday - 09:12:19pm - amuthiyan - DevDMZ - Trying to start primary server test - IT490
2017-12-07 - Thursday - 09:16:55pm - DevDMZ -  - Trying to start standby server - IT490
2017-12-07 - Thursday - 09:16:55pm - DevDMZ -  - Standby Server started - IT490
2017-12-07 - Thursday - 09:17:26pm - DevDMZ -  - Trying to start standby server - IT490
2017-12-07 - Thursday - 09:17:26pm - DevDMZ -  - Standby Server started - IT490
2017-12-07 - Thursday - 09:17:59pm - DevDMZ -  - Trying to start standby server - IT490
2017-12-07 - Thursday - 09:17:59pm - DevDMZ -  - Standby Server started - IT490
2017-12-07 - Thursday - 09:18:32pm - DevDMZ -  - Trying to start standby server - IT490
2017-12-07 - Thursday - 09:18:32pm - DevDMZ -  - Standby Server started - IT490
2017-12-07 - Thursday - 09:19:05pm - amuthiyan - DevDMZ - Trying to start primary server test - IT490
2017-12-07 - Thursday - 09:31:21pm - amuthiyan - DevDMZStandby - Trying to start primary server test - IT490
2017-12-07 - Thursday - 09:31:55pm - amuthiyan - DevDMZStandby - Trying to start primary server test - IT490
2017-12-07 - Thursday - 09:32:28pm - amuthiyan - DevDMZStandby - Trying to start primary server test - IT490
2017-12-08 - Friday - 12:39:07pm - amuthiyan - DevDMZStandby - Trying to start primary server test - IT490
2017-12-08 - Friday - 12:39:40pm - amuthiyan - DevDMZStandby - Trying to start primary server test - IT490
2017-12-08 - Friday - 12:40:13pm - amuthiyan - DevDMZStandby - Trying to start primary server test - IT490
2017-12-08 - Friday - 12:40:47pm - amuthiyan - DevDMZStandby - Trying to start primary server test - IT490
2017-12-08 - Friday - 12:41:20pm - amuthiyan - DevDMZStandby - Trying to start primary server test - IT490
2017-12-08 - Friday - 12:41:53pm - amuthiyan - DevDMZStandby - Trying to start primary server test - IT490
2017-12-08 - Friday - 12:42:26pm - amuthiyan - DevDMZStandby - Trying to start primary server test - IT490
2017-12-08 - Friday - 12:43:00pm - amuthiyan - DevDMZStandby - Trying to start primary server test - IT490
2017-12-08 - Friday - 12:43:33pm - amuthiyan - DevDMZStandby - Trying to start primary server test - IT490
2017-12-08 - Friday - 12:44:06pm - amuthiyan - DevDMZStandby - Trying to start primary server test - IT490
2017-12-08 - Friday - 12:44:39pm - amuthiyan - DevDMZStandby - Trying to start primary server test - IT490
2017-12-08 - Friday - 12:45:13pm - amuthiyan - DevDMZStandby - Trying to start primary server test - IT490
2017-12-08 - Friday - 12:45:46pm - amuthiyan - DevDMZStandby - Trying to start primary server test - IT490
2017-12-08 - Friday - 12:52:15pm - amuthiyan - DevDMZ - Trying to start primary server test - IT490
2017-12-08 - Friday - 12:57:15pm - amuthiyan - DevDMZ - received request - IT490
2017-12-08 - Friday - 12:57:15pm - amuthiyan - DevDMZ - Sending requested card info now - IT490
2017-12-08 - Friday - 01:19:00pm - amuthiyan - DevDMZ - received request - IT490
2017-12-08 - Friday - 01:19:00pm - amuthiyan - DevDMZ - Sending requested card info now - IT490
2017-12-08 - Friday - 01:25:30pm - amuthiyan - DevDMZ - Trying to start primary server test - IT490
2017-12-08 - Friday - 01:43:00pm - amuthiyan - DevDMZ - Trying to start primary server test - IT490
2017-12-08 - Friday - 02:07:25pm - amuthiyan - DevDMZStandby - Trying to start primary server test - IT490
2017-12-08 - Friday - 02:07:59pm - amuthiyan - DevDMZStandby - Trying to start primary server test - IT490
2017-12-08 - Friday - 02:08:32pm - amuthiyan - DevDMZStandby - Trying to start primary server test - IT490
2017-12-08 - Friday - 02:09:05pm - amuthiyan - DevDMZStandby - Trying to start primary server test - IT490
2017-12-08 - Friday - 02:09:38pm - amuthiyan - DevDMZStandby - Trying to start primary server test - IT490
2017-12-08 - Friday - 02:10:12pm - amuthiyan - DevDMZStandby - Trying to start primary server test - IT490
2017-12-08 - Friday - 02:10:45pm - amuthiyan - DevDMZStandby - Trying to start primary server test - IT490
2017-12-08 - Friday - 02:11:18pm - amuthiyan - DevDMZStandby - Trying to start primary server test - IT490
2017-12-08 - Friday - 02:11:51pm - amuthiyan - DevDMZStandby - Trying to start primary server test - IT490
2017-12-08 - Friday - 02:12:25pm - amuthiyan - DevDMZStandby - Trying to start primary server test - IT490
2017-12-08 - Friday - 03:07:00pm - amuthiyan - DevDMZ - Trying to start primary server test - IT490
2017-12-08 - Friday - 03:08:59pm - amuthiyan - DevDMZ - received request - IT490
2017-12-08 - Friday - 03:08:59pm - amuthiyan - DevDMZ - Sending requested card info now - IT490
2017-12-08 - Friday - 03:14:13pm - amuthiyan - DevDMZ - received request - IT490
2017-12-08 - Friday - 03:14:13pm - amuthiyan - DevDMZ - Sending requested card info now - IT490
2017-12-08 - Friday - 03:17:18pm - amuthiyan - DevDMZ - received request - IT490
2017-12-08 - Friday - 03:17:18pm - amuthiyan - DevDMZ - Sending requested card info now - IT490
2017-12-08 - Friday - 03:19:52pm - amuthiyan - DevDMZ - received request - IT490
2017-12-08 - Friday - 03:19:52pm - amuthiyan - DevDMZ - Sending requested card info now - IT490
2017-12-08 - Friday - 03:21:03pm - amuthiyan - DevDMZ - received request - IT490
2017-12-08 - Friday - 03:21:03pm - amuthiyan - DevDMZ - Sending requested card info now - IT490
2017-12-08 - Friday - 03:22:33pm - amuthiyan - DevDMZ - received request - IT490
2017-12-08 - Friday - 03:22:33pm - amuthiyan - DevDMZ - Sending requested card info now - IT490
2017-12-08 - Friday - 03:51:03pm - amuthiyan - DevDMZ - received request - IT490
2017-12-08 - Friday - 03:51:03pm - amuthiyan - DevDMZ - Sending requested card info now - IT490
2017-12-08 - Friday - 03:51:45pm - amuthiyan - DevDMZ - received request - IT490
2017-12-08 - Friday - 03:51:45pm - amuthiyan - DevDMZ - Sending requested card info now - IT490
2017-12-08 - Friday - 03:53:01pm - amuthiyan - DevDMZ - received request - IT490
2017-12-08 - Friday - 03:53:01pm - amuthiyan - DevDMZ - Sending requested card info now - IT490
2017-12-08 - Friday - 03:53:41pm - amuthiyan - DevDMZ - received request - IT490
2017-12-08 - Friday - 03:53:41pm - amuthiyan - DevDMZ - Sending requested card info now - IT490
2017-12-08 - Friday - 03:56:43pm - amuthiyan - DevDMZ - received request - IT490
2017-12-08 - Friday - 03:56:43pm - amuthiyan - DevDMZ - Sending requested card info now - IT490
2017-12-08 - Friday - 03:58:47pm - amuthiyan - DevDMZ - received request - IT490
2017-12-08 - Friday - 03:58:47pm - amuthiyan - DevDMZ - Sending requested card info now - IT490
2017-12-08 - Friday - 04:00:28pm - amuthiyan - DevDMZ - received request - IT490
2017-12-08 - Friday - 04:00:28pm - amuthiyan - DevDMZ - Sending requested card info now - IT490
2017-12-08 - Friday - 04:01:38pm - amuthiyan - DevDMZ - received request - IT490
2017-12-08 - Friday - 04:01:38pm - amuthiyan - DevDMZ - Sending requested card info now - IT490
2017-12-08 - Friday - 04:06:06pm - amuthiyan - DevDMZ - received request - IT490
2017-12-08 - Friday - 04:06:06pm - amuthiyan - DevDMZ - Sending requested card info now - IT490
2017-12-08 - Friday - 04:10:31pm - amuthiyan - DevDMZ - received request - IT490
2017-12-08 - Friday - 04:10:31pm - amuthiyan - DevDMZ - Sending requested card info now - IT490
2017-12-08 - Friday - 04:12:46pm - amuthiyan - DevDMZ - received request - IT490
2017-12-08 - Friday - 04:12:46pm - amuthiyan - DevDMZ - Sending requested card info now - IT490
2017-12-08 - Friday - 04:18:13pm - amuthiyan - DevDMZ - received request - IT490
2017-12-08 - Friday - 04:18:13pm - amuthiyan - DevDMZ - Sending requested card info now - IT490
2017-12-08 - Friday - 04:19:52pm - amuthiyan - DevDMZ - received request - IT490
2017-12-08 - Friday - 04:19:52pm - amuthiyan - DevDMZ - Sending requested card info now - IT490
2017-12-08 - Friday - 04:19:55pm - amuthiyan - DevDMZ - received request - IT490
2017-12-08 - Friday - 04:19:55pm - amuthiyan - DevDMZ - Sending requested card info now - IT490
2017-12-08 - Friday - 04:20:28pm - amuthiyan - DevDMZ - received request - IT490
2017-12-08 - Friday - 04:20:28pm - amuthiyan - DevDMZ - Sending requested card info now - IT490
2017-12-08 - Friday - 04:23:16pm - amuthiyan - DevDMZ - received request - IT490
2017-12-08 - Friday - 04:23:16pm - amuthiyan - DevDMZ - Sending requested card info now - IT490
2017-12-08 - Friday - 04:25:22pm - amuthiyan - DevDMZ - received request - IT490
2017-12-08 - Friday - 04:25:22pm - amuthiyan - DevDMZ - Sending requested card info now - IT490
2017-12-08 - Friday - 04:27:06pm - amuthiyan - DevDMZ - received request - IT490
2017-12-08 - Friday - 04:27:06pm - amuthiyan - DevDMZ - Sending requested card info now - IT490
2017-12-08 - Friday - 04:30:58pm - amuthiyan - DevDMZ - received request - IT490
2017-12-08 - Friday - 04:30:58pm - amuthiyan - DevDMZ - Sending requested card info now - IT490
2017-12-08 - Friday - 04:32:19pm - amuthiyan - DevDMZ - received request - IT490
2017-12-08 - Friday - 04:32:19pm - amuthiyan - DevDMZ - Sending requested card info now - IT490
2017-12-08 - Friday - 04:33:21pm - amuthiyan - DevDMZ - received request - IT490
2017-12-08 - Friday - 04:33:21pm - amuthiyan - DevDMZ - Sending requested card info now - IT490
2017-12-08 - Friday - 04:34:22pm - amuthiyan - DevDMZ - received request - IT490
2017-12-08 - Friday - 04:34:22pm - amuthiyan - DevDMZ - Sending requested card info now - IT490
2017-12-08 - Friday - 04:37:02pm - amuthiyan - DevDMZ - received request - IT490
2017-12-08 - Friday - 04:37:02pm - amuthiyan - DevDMZ - Sending requested card info now - IT490
2017-12-08 - Friday - 04:38:32pm - amuthiyan - DevDMZ - received request - IT490
2017-12-08 - Friday - 04:38:32pm - amuthiyan - DevDMZ - Sending requested card info now - IT490
2017-12-08 - Friday - 04:39:12pm - amuthiyan - DevDMZ - received request - IT490
2017-12-08 - Friday - 04:39:12pm - amuthiyan - DevDMZ - Sending requested card info now - IT490
2017-12-08 - Friday - 04:39:38pm - amuthiyan - DevDMZ - received request - IT490
2017-12-08 - Friday - 04:39:38pm - amuthiyan - DevDMZ - Sending requested card info now - IT490
2017-12-08 - Friday - 04:40:20pm - amuthiyan - DevDMZ - received request - IT490
2017-12-08 - Friday - 04:40:20pm - amuthiyan - DevDMZ - Sending requested card info now - IT490
2017-12-08 - Friday - 04:48:44pm - amuthiyan - DevDMZ - received request - IT490
2017-12-08 - Friday - 04:48:44pm - amuthiyan - DevDMZ - Sending requested card info now - IT490
2017-12-08 - Friday - 04:49:41pm - amuthiyan - DevDMZ - received request - IT490
2017-12-08 - Friday - 04:49:41pm - amuthiyan - DevDMZ - Sending requested card info now - IT490
2017-12-08 - Friday - 04:51:36pm - amuthiyan - DevDMZ - received request - IT490
2017-12-08 - Friday - 04:51:36pm - amuthiyan - DevDMZ - Sending requested card info now - IT490
2017-12-08 - Friday - 04:52:37pm - amuthiyan - DevDMZ - received request - IT490
2017-12-08 - Friday - 04:52:37pm - amuthiyan - DevDMZ - Sending requested card info now - IT490
2017-12-08 - Friday - 04:57:30pm - amuthiyan - DevDMZ - received request - IT490
2017-12-08 - Friday - 04:57:30pm - amuthiyan - DevDMZ - Sending requested card info now - IT490
2017-12-08 - Friday - 04:59:43pm - amuthiyan - DevDMZ - received request - IT490
2017-12-08 - Friday - 04:59:43pm - amuthiyan - DevDMZ - Sending requested card info now - IT490
2017-12-08 - Friday - 05:09:48pm - amuthiyan - DevDMZ - received request - IT490
2017-12-08 - Friday - 05:09:48pm - amuthiyan - DevDMZ - Sending requested card info now - IT490
2017-12-08 - Friday - 05:13:17pm - amuthiyan - DevDMZ - received request - IT490
2017-12-08 - Friday - 05:13:17pm - amuthiyan - DevDMZ - Sending requested card info now - IT490
2017-12-08 - Friday - 05:14:00pm - amuthiyan - DevDMZ - received request - IT490
2017-12-08 - Friday - 05:14:00pm - amuthiyan - DevDMZ - Sending requested card info now - IT490
2017-12-08 - Friday - 05:14:49pm - amuthiyan - DevDMZ - received request - IT490
2017-12-08 - Friday - 05:14:49pm - amuthiyan - DevDMZ - Sending requested card info now - IT490
2017-12-08 - Friday - 05:15:07pm - amuthiyan - DevDMZ - received request - IT490
2017-12-08 - Friday - 05:15:07pm - amuthiyan - DevDMZ - Sending requested card info now - IT490
2017-12-14 - Thursday - 10:06:45am - amuthiyan - DevDMZStandby - Trying to start primary server test - IT490
2017-12-14 - Thursday - 10:06:45am - amuthiyan - DevDMZ - Trying to start primary server test - IT490
2017-12-14 - Thursday - 10:07:15am - amuthiyan - DevDMZ - Trying to start primary server test - IT490
2017-12-14 - Thursday - 10:07:15am - amuthiyan - DevDMZStandby - Trying to start primary server test - IT490
2017-12-14 - Thursday - 10:07:46am - amuthiyan - DevDMZ - Trying to start primary server test - IT490
2017-12-14 - Thursday - 10:07:46am - amuthiyan - DevDMZStandby - Trying to start primary server test - IT490
2017-12-14 - Thursday - 10:08:16am - amuthiyan - DevDMZStandby - Trying to start primary server test - IT490
2017-12-14 - Thursday - 10:08:16am - amuthiyan - DevDMZ - Trying to start primary server test - IT490
2017-12-14 - Thursday - 10:08:46am - amuthiyan - DevDMZ - Trying to start primary server test - IT490
2017-12-14 - Thursday - 10:08:46am - amuthiyan - DevDMZStandby - Trying to start primary server test - IT490
2017-12-14 - Thursday - 10:09:16am - amuthiyan - DevDMZStandby - Trying to start primary server test - IT490
2017-12-14 - Thursday - 10:09:16am - amuthiyan - DevDMZ - Trying to start primary server test - IT490
2017-12-14 - Thursday - 10:09:46am - amuthiyan - DevDMZStandby - Trying to start primary server test - IT490
2017-12-14 - Thursday - 10:09:46am - amuthiyan - DevDMZ - Trying to start primary server test - IT490
2017-12-14 - Thursday - 10:10:17am - amuthiyan - DevDMZStandby - Trying to start primary server test - IT490
2017-12-14 - Thursday - 10:10:17am - amuthiyan - DevDMZ - Trying to start primary server test - IT490
2017-12-14 - Thursday - 10:10:47am - amuthiyan - DevDMZStandby - Trying to start primary server test - IT490
2017-12-14 - Thursday - 10:10:47am - amuthiyan - DevDMZ - Trying to start primary server test - IT490
2017-12-14 - Thursday - 10:11:17am - amuthiyan - DevDMZ - Trying to start primary server test - IT490
2017-12-14 - Thursday - 10:11:17am - amuthiyan - DevDMZStandby - Trying to start primary server test - IT490
2017-12-14 - Thursday - 10:12:42am - amuthiyan - DevDMZ - Trying to start primary server test - IT490
2017-12-14 - Thursday - 10:13:12am - amuthiyan - DevDMZ - Trying to start primary server test - IT490
2017-12-14 - Thursday - 10:13:42am - amuthiyan - DevDMZ - Trying to start primary server test - IT490
2017-12-14 - Thursday - 10:14:12am - amuthiyan - DevDMZ - Trying to start primary server test - IT490
2017-12-14 - Thursday - 10:14:43am - amuthiyan - DevDMZ - Trying to start primary server test - IT490
2017-12-14 - Thursday - 10:15:13am - amuthiyan - DevDMZ - Trying to start primary server test - IT490
2017-12-14 - Thursday - 10:15:43am - amuthiyan - DevDMZ - Trying to start primary server test - IT490
2017-12-14 - Thursday - 10:19:52am - amuthiyan - DevDMZStandby - Trying to start primary server test - IT490
2017-12-14 - Thursday - 10:19:52am - amuthiyan - DevDMZ - Trying to start primary server test - IT490
2017-12-14 - Thursday - 10:20:22am - amuthiyan - DevDMZ - Trying to start primary server test - IT490
2017-12-14 - Thursday - 10:20:22am - amuthiyan - DevDMZStandby - Trying to start primary server test - IT490
2017-12-14 - Thursday - 10:20:52am - amuthiyan - DevDMZStandby - Trying to start primary server test - IT490
2017-12-14 - Thursday - 10:20:52am - amuthiyan - DevDMZ - Trying to start primary server test - IT490
2017-12-14 - Thursday - 10:21:22am - amuthiyan - DevDMZStandby - Trying to start primary server test - IT490
2017-12-14 - Thursday - 10:21:22am - amuthiyan - DevDMZ - Trying to start primary server test - IT490
2017-12-14 - Thursday - 10:21:52am - amuthiyan - DevDMZStandby - Trying to start primary server test - IT490
2017-12-14 - Thursday - 10:21:52am - amuthiyan - DevDMZ - Trying to start primary server test - IT490
2017-12-14 - Thursday - 10:22:23am - amuthiyan - DevDMZ - Trying to start primary server test - IT490
2017-12-14 - Thursday - 10:22:23am - amuthiyan - DevDMZStandby - Trying to start primary server test - IT490
2017-12-14 - Thursday - 10:22:53am - amuthiyan - DevDMZ - Trying to start primary server test - IT490
2017-12-14 - Thursday - 10:22:53am - amuthiyan - DevDMZStandby - Trying to start primary server test - IT490
2017-12-14 - Thursday - 10:23:23am - amuthiyan - DevDMZ - Trying to start primary server test - IT490
2017-12-14 - Thursday - 10:23:23am - amuthiyan - DevDMZStandby - Trying to start primary server test - IT490
2017-12-14 - Thursday - 10:23:53am - amuthiyan - DevDMZ - Trying to start primary server test - IT490
2017-12-14 - Thursday - 10:23:53am - amuthiyan - DevDMZStandby - Trying to start primary server test - IT490
2017-12-14 - Thursday - 10:24:24am - amuthiyan - DevDMZStandby - Trying to start primary server test - IT490
2017-12-14 - Thursday - 10:24:24am - amuthiyan - DevDMZ - Trying to start primary server test - IT490
2017-12-14 - Thursday - 10:31:07am - amuthiyan - DevDMZ - Trying to start primary server test - IT490
2017-12-14 - Thursday - 10:31:28am - amuthiyan - DevDMZStandby - Trying to start primary server test - IT490
2017-12-14 - Thursday - 10:32:01am - amuthiyan - DevDMZStandby - Trying to start primary server test - IT490
2017-12-14 - Thursday - 10:32:34am - amuthiyan - DevDMZStandby - Trying to start primary server test - IT490
2017-12-14 - Thursday - 10:33:07am - amuthiyan - DevDMZStandby - Trying to start primary server test - IT490
2017-12-14 - Thursday - 10:33:41am - amuthiyan - DevDMZStandby - Trying to start primary server test - IT490
2017-12-14 - Thursday - 10:34:14am - amuthiyan - DevDMZStandby - Trying to start primary server test - IT490
2017-12-14 - Thursday - 10:34:47am - amuthiyan - DevDMZStandby - Trying to start primary server test - IT490
2017-12-14 - Thursday - 10:35:20am - amuthiyan - DevDMZStandby - Trying to start primary server test - IT490
2017-12-14 - Thursday - 10:35:54am - amuthiyan - DevDMZStandby - Trying to start primary server test - IT490
2017-12-14 - Thursday - 10:36:27am - amuthiyan - DevDMZStandby - Trying to start primary server test - IT490
2017-12-14 - Thursday - 11:16:08am - amuthiyan - DevDMZ - Trying to start primary server test - IT490
2017-12-14 - Thursday - 11:21:23am - amuthiyan - DevDMZ - Trying to start primary server test - IT490
2017-12-14 - Thursday - 12:12:01pm - amuthiyan - DevDMZStandby - Trying to start primary server test - IT490
2017-12-14 - Thursday - 12:12:34pm - amuthiyan - DevDMZStandby - Trying to start primary server test - IT490
2017-12-14 - Thursday - 12:13:07pm - amuthiyan - DevDMZStandby - Trying to start primary server test - IT490
2017-12-14 - Thursday - 12:13:40pm - amuthiyan - DevDMZStandby - Trying to start primary server test - IT490
2017-12-14 - Thursday - 12:14:14pm - amuthiyan - DevDMZStandby - Trying to start primary server test - IT490
2017-12-14 - Thursday - 12:14:47pm - amuthiyan - DevDMZStandby - Trying to start primary server test - IT490
2017-12-14 - Thursday - 12:15:20pm - amuthiyan - DevDMZStandby - Trying to start primary server test - IT490
2017-12-14 - Thursday - 12:15:53pm - amuthiyan - DevDMZStandby - Trying to start primary server test - IT490
2017-12-14 - Thursday - 12:16:27pm - amuthiyan - DevDMZStandby - Trying to start primary server test - IT490
2017-12-14 - Thursday - 12:17:00pm - amuthiyan - DevDMZStandby - Trying to start primary server test - IT490
2017-12-14 - Thursday - 01:54:33pm - amuthiyan - DevDMZ - Trying to start primary server test - IT490
2017-12-14 - Thursday - 02:40:44pm - amuthiyan - DevDMZ - Trying to start primary server test - IT490
2017-12-14 - Thursday - 02:44:28pm - amuthiyan - DevDMZ - received request - IT490
2017-12-14 - Thursday - 02:44:28pm - amuthiyan - DevDMZ - Sending requested card info now - IT490
2017-12-14 - Thursday - 02:45:20pm - amuthiyan - DevDMZ - received request - IT490
2017-12-14 - Thursday - 02:45:20pm - amuthiyan - DevDMZ - Sending requested card info now - IT490
2017-12-14 - Thursday - 02:46:47pm - amuthiyan - DevDMZ - received request - IT490
2017-12-14 - Thursday - 02:46:47pm - amuthiyan - DevDMZ - Sending requested card info now - IT490
2017-12-14 - Thursday - 02:47:43pm - amuthiyan - DevDMZ - Trying to start primary server test - IT490
2017-12-14 - Thursday - 02:47:55pm - amuthiyan - DevDMZ - received request - IT490
2017-12-14 - Thursday - 02:47:55pm - amuthiyan - DevDMZ - Sending requested card info now - IT490
2017-12-14 - Thursday - 02:48:03pm - amuthiyan - DevDMZ - received request - IT490
2017-12-14 - Thursday - 02:48:03pm - amuthiyan - DevDMZ - Sending requested card info now - IT490
2017-12-14 - Thursday - 02:48:07pm - amuthiyan - DevDMZ - received request - IT490
2017-12-14 - Thursday - 02:48:07pm - amuthiyan - DevDMZ - Sending requested card info now - IT490
2017-12-14 - Thursday - 02:48:24pm - amuthiyan - DevDMZ - received request - IT490
2017-12-14 - Thursday - 02:48:24pm - amuthiyan - DevDMZ - Sending requested card info now - IT490
